[debug] [2024-03-01T15:18:18.709Z] ----------------------------------------------------------------------
[debug] [2024-03-01T15:18:18.711Z] Command:       C:\Program Files\nodejs\node.exe C:\Users\jobin\AppData\Roaming\npm\node_modules\firebase-tools\lib\bin\firebase.js init
[debug] [2024-03-01T15:18:18.711Z] CLI Version:   13.4.0
[debug] [2024-03-01T15:18:18.712Z] Platform:      win32
[debug] [2024-03-01T15:18:18.712Z] Node Version:  v20.9.0
[debug] [2024-03-01T15:18:18.712Z] Time:          Fri Mar 01 2024 20:48:18 GMT+0530 (India Standard Time)
[debug] [2024-03-01T15:18:18.712Z] ----------------------------------------------------------------------
[debug] 
[debug] [2024-03-01T15:18:18.717Z] > command requires scopes: ["email","openid","https://www.googleapis.com/auth/cloudplatformprojects.readonly","https://www.googleapis.com/auth/firebase","https://www.googleapis.com/auth/cloud-platform"]
[debug] [2024-03-01T15:18:18.717Z] > authorizing via signed-in user (jobint911@gmail.com)
[info] 
     ######## #### ########  ######## ########     ###     ######  ########
     ##        ##  ##     ## ##       ##     ##  ##   ##  ##       ##
     ######    ##  ########  ######   ########  #########  ######  ######
     ##        ##  ##    ##  ##       ##     ## ##     ##       ## ##
     ##       #### ##     ## ######## ########  ##     ##  ######  ########

You're about to initialize a Firebase project in this directory:

  D:\reactWorkshop\to-do

[info] 
=== Project Setup
[info] 
[info] First, let's associate this project directory with a Firebase project.
[info] You can create multiple project aliases by running firebase use --add, 
[info] but for now we'll just set up a default project.
[info] 
[debug] [2024-03-01T15:18:38.876Z] >>> [apiv2][query] GET https://firebase.googleapis.com/v1beta1/projects pageSize=100
[debug] [2024-03-01T15:18:39.780Z] <<< [apiv2][status] GET https://firebase.googleapis.com/v1beta1/projects 200
[debug] [2024-03-01T15:18:39.780Z] <<< [apiv2][body] GET https://firebase.googleapis.com/v1beta1/projects [omitted]
[info] i  Using project to-do-98fc7 (To do) 
[info] 
=== Hosting Setup
[debug] [2024-03-01T15:18:46.605Z] >>> [apiv2][query] GET https://firebase.googleapis.com/v1beta1/projects/to-do-98fc7 [none]
[debug] [2024-03-01T15:18:47.393Z] <<< [apiv2][status] GET https://firebase.googleapis.com/v1beta1/projects/to-do-98fc7 200
[debug] [2024-03-01T15:18:47.394Z] <<< [apiv2][body] GET https://firebase.googleapis.com/v1beta1/projects/to-do-98fc7 {"projectId":"to-do-98fc7","projectNumber":"586984376401","displayName":"To do","name":"projects/to-do-98fc7","resources":{"hostingSite":"to-do-98fc7"},"state":"ACTIVE","etag":"1_6a5120a3-7a92-4d8e-9f1c-58f53512eb3b"}
[info] 
[info] Your public directory is the folder (relative to your project directory) that
[info] will contain Hosting assets to be uploaded with firebase deploy. If you
[info] have a build process for your assets, use your build's output directory.
[info] 
[info] +  Wrote y/404.html 
[debug] [2024-03-01T15:19:05.807Z] >>> [apiv2][query] GET https://www.gstatic.com/firebasejs/releases.json [none]
[debug] [2024-03-01T15:19:05.981Z] <<< [apiv2][status] GET https://www.gstatic.com/firebasejs/releases.json 200
[debug] [2024-03-01T15:19:05.982Z] <<< [apiv2][body] GET https://www.gstatic.com/firebasejs/releases.json {"current":{"version":"10.8.1","browserURL":"https://www.gstatic.com/firebasejs/10.8.1/firebase.js","packageURL":"https://www.gstatic.com/firebasejs/10.8.1/firebase.tgz"},"live":{"version":"10.8","browserURL":"https://www.gstatic.com/firebasejs/live/10.8/firebase.js","packageURL":"https://www.gstatic.com/firebasejs/live/10.8/firebase.tgz"},"components":{"analytics":"https://www.gstatic.com/firebasejs/10.8.1/firebase-analytics.js","app":"https://www.gstatic.com/firebasejs/10.8.1/firebase-app.js","app-check":"https://www.gstatic.com/firebasejs/10.8.1/firebase-app-check.js","auth":"https://www.gstatic.com/firebasejs/10.8.1/firebase-auth.js","auth/cordova":"https://www.gstatic.com/firebasejs/10.8.1/firebase-auth/cordova.js","auth/web-extension":"https://www.gstatic.com/firebasejs/10.8.1/firebase-auth/web-extension.js","functions":"https://www.gstatic.com/firebasejs/10.8.1/firebase-functions.js","firestore":"https://www.gstatic.com/firebasejs/10.8.1/firebase-firestore.js","firestore/lite":"https://www.gstatic.com/firebasejs/10.8.1/firebase-firestore/lite.js","installations":"https://www.gstatic.com/firebasejs/10.8.1/firebase-installations.js","storage":"https://www.gstatic.com/firebasejs/10.8.1/firebase-storage.js","performance":"https://www.gstatic.com/firebasejs/10.8.1/firebase-performance.js","remote-config":"https://www.gstatic.com/firebasejs/10.8.1/firebase-remote-config.js","messaging":"https://www.gstatic.com/firebasejs/10.8.1/firebase-messaging.js","messaging/sw":"https://www.gstatic.com/firebasejs/10.8.1/firebase-messaging/sw.js","database":"https://www.gstatic.com/firebasejs/10.8.1/firebase-database.js","firestore.memory":"https://www.gstatic.com/firebasejs/10.8.1/firebase-firestore.memory.js"}}
[info] +  Wrote y/index.html 
[info] 
[info] i  Didn't detect a .git folder. Assuming D:\reactWorkshop\to-do is the project root. 
[info] i  Authorizing with GitHub to upload your service account to a GitHub repository's secrets store. 
[info] 
[info] Visit this URL on this device to log in:
[info] https://github.com/login/oauth/authorize?client_id=89cf50f02ac6aaed3484&state=878062666&redirect_uri=http%3A%2F%2Flocalhost%3A9005&scope=read%3Auser%20repo%20public_repo
[info] 
[info] Waiting for authentication...
[debug] [2024-03-01T15:19:52.247Z] >>> [apiv2][query] POST https://github.com/login/oauth/access_token [none]
[debug] [2024-03-01T15:19:52.247Z] >>> [apiv2][body] POST https://github.com/login/oauth/access_token [stream]
[debug] [2024-03-01T15:19:53.248Z] <<< [apiv2][status] POST https://github.com/login/oauth/access_token 200
[debug] [2024-03-01T15:19:53.248Z] <<< [apiv2][body] POST https://github.com/login/oauth/access_token {"access_token":"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","token_type":"bearer","scope":"read:user,repo"}
[debug] [2024-03-01T15:19:53.253Z] >>> [apiv2][query] GET https://api.github.com/user [none]
[debug] [2024-03-01T15:19:53.775Z] <<< [apiv2][status] GET https://api.github.com/user 200
[debug] [2024-03-01T15:19:53.775Z] <<< [apiv2][body] GET https://api.github.com/user {"login":"jobint001","id":92356462,"node_id":"U_kgDOBYE_bg","avatar_url":"https://avatars.githubusercontent.com/u/92356462?v=4","gravatar_id":"","url":"https://api.github.com/users/jobint001","html_url":"https://github.com/jobint001","followers_url":"https://api.github.com/users/jobint001/followers","following_url":"https://api.github.com/users/jobint001/following{/other_user}","gists_url":"https://api.github.com/users/jobint001/gists{/gist_id}","starred_url":"https://api.github.com/users/jobint001/starred{/owner}{/repo}","subscriptions_url":"https://api.github.com/users/jobint001/subscriptions","organizations_url":"https://api.github.com/users/jobint001/orgs","repos_url":"https://api.github.com/users/jobint001/repos","events_url":"https://api.github.com/users/jobint001/events{/privacy}","received_events_url":"https://api.github.com/users/jobint001/received_events","type":"User","site_admin":false,"name":"Jobin Tom","company":null,"blog":"","location":"Kerala","email":null,"hireable":null,"bio":"Engineer in making","twitter_username":null,"public_repos":20,"public_gists":0,"followers":13,"following":16,"created_at":"2021-10-12T06:12:50Z","updated_at":"2024-02-22T04:48:42Z","private_gists":0,"total_private_repos":7,"owned_private_repos":7,"disk_usage":93776,"collaborators":1,"two_factor_authentication":true,"plan":{"name":"pro","space":976562499,"collaborators":0,"private_repos":9999}}
[info] 
[info] +  Success! Logged into GitHub as jobint001 
[info] 
